2024-03-19T14:17:01.095+05:30  INFO 18200 --- [app-security] [restartedMain] c.e.security.AppSecurityApplication      : Starting AppSecurityApplication using Java 17.0.9 with PID 18200 (C:\Users\DC\Documents\workspace-spring-tool-suite-4-4.21.0\app-security\target\classes started by DC in C:\Users\DC\Documents\workspace-spring-tool-suite-4-4.21.0\app-security)
2024-03-19T14:17:01.101+05:30  INFO 18200 --- [app-security] [restartedMain] c.e.security.AppSecurityApplication      : No active profile set, falling back to 1 default profile: "default"
2024-03-19T14:17:01.167+05:30  INFO 18200 --- [app-security] [restartedMain] .e.DevToolsPropertyDefaultsPostProcessor : Devtools property defaults active! Set 'spring.devtools.add-properties' to 'false' to disable
2024-03-19T14:17:01.168+05:30  INFO 18200 --- [app-security] [restartedMain] .e.DevToolsPropertyDefaultsPostProcessor : For additional web related logging consider setting the 'logging.level.web' property to 'DEBUG'
2024-03-19T14:17:02.127+05:30  INFO 18200 --- [app-security] [restartedMain] o.s.b.w.embedded.tomcat.TomcatWebServer  : Tomcat initialized with port 1290 (http)
2024-03-19T14:17:02.139+05:30  INFO 18200 --- [app-security] [restartedMain] o.apache.catalina.core.StandardService   : Starting service [Tomcat]
2024-03-19T14:17:02.140+05:30  INFO 18200 --- [app-security] [restartedMain] o.apache.catalina.core.StandardEngine    : Starting Servlet engine: [Apache Tomcat/10.1.19]
2024-03-19T14:17:02.198+05:30  INFO 18200 --- [app-security] [restartedMain] o.a.c.c.C.[Tomcat].[localhost].[/]       : Initializing Spring embedded WebApplicationContext
2024-03-19T14:17:02.199+05:30  INFO 18200 --- [app-security] [restartedMain] w.s.c.ServletWebServerApplicationContext : Root WebApplicationContext: initialization completed in 1030 ms
2024-03-19T14:17:02.716+05:30  INFO 18200 --- [app-security] [restartedMain] o.s.s.web.DefaultSecurityFilterChain     : Will secure any request with [org.springframework.security.web.session.DisableEncodeUrlFilter@776dce7f, org.springframework.security.web.context.request.async.WebAsyncManagerIntegrationFilter@303b676f, org.springframework.security.web.context.SecurityContextHolderFilter@562576f5, org.springframework.security.web.header.HeaderWriterFilter@58f22080, org.springframework.web.filter.CorsFilter@e7a9e2b, org.springframework.security.web.authentication.logout.LogoutFilter@6e999ac7, org.springframework.security.web.authentication.www.BasicAuthenticationFilter@5ce37e5b, org.springframework.security.web.savedrequest.RequestCacheAwareFilter@62e967b3, org.springframework.security.web.servletapi.SecurityContextHolderAwareRequestFilter@2152e4ed, org.springframework.security.web.authentication.AnonymousAuthenticationFilter@2e6baaf1, org.springframework.security.web.access.ExceptionTranslationFilter@77903de9, org.springframework.security.web.access.intercept.AuthorizationFilter@506857e6]
2024-03-19T14:17:02.882+05:30  INFO 18200 --- [app-security] [restartedMain] o.s.b.d.a.OptionalLiveReloadServer       : LiveReload server is running on port 35729
2024-03-19T14:17:02.917+05:30  INFO 18200 --- [app-security] [restartedMain] o.s.b.w.embedded.tomcat.TomcatWebServer  : Tomcat started on port 1290 (http) with context path ''
2024-03-19T14:17:02.929+05:30  INFO 18200 --- [app-security] [restartedMain] c.e.security.AppSecurityApplication      : Started AppSecurityApplication in 2.242 seconds (process running for 2.946)
2024-03-19T14:17:37.053+05:30  INFO 18200 --- [app-security] [http-nio-1290-exec-1] o.a.c.c.C.[Tomcat].[localhost].[/]       : Initializing Spring DispatcherServlet 'dispatcherServlet'
2024-03-19T14:17:37.053+05:30  INFO 18200 --- [app-security] [http-nio-1290-exec-1] o.s.web.servlet.DispatcherServlet        : Initializing Servlet 'dispatcherServlet'
2024-03-19T14:17:37.054+05:30  INFO 18200 --- [app-security] [http-nio-1290-exec-1] o.s.web.servlet.DispatcherServlet        : Completed initialization in 1 ms
2024-03-19T14:17:52.756+05:30  INFO 18200 --- [app-security] [http-nio-1290-exec-3] c.e.security.Controller.SeurityCont      : gettin into call method at info level
2024-03-19T14:17:52.757+05:30  WARN 18200 --- [app-security] [http-nio-1290-exec-3] c.e.security.Controller.SeurityCont      : getting into call method at warn level
2024-03-19T14:18:14.422+05:30  WARN 18200 --- [app-security] [http-nio-1290-exec-7] c.e.security.Controller.SeurityCont      : getting into try block at warn
2024-03-19T14:19:07.458+05:30  WARN 18200 --- [app-security] [http-nio-1290-exec-6] c.e.security.Controller.SeurityCont      : getting into try block at warn
2024-03-19T14:21:57.485+05:30  INFO 18200 --- [app-security] [http-nio-1290-exec-3] c.e.security.Controller.SeurityCont      : gettin into call method at info level
2024-03-19T14:21:57.486+05:30  WARN 18200 --- [app-security] [http-nio-1290-exec-3] c.e.security.Controller.SeurityCont      : getting into call method at warn level
2024-03-19T14:22:39.151+05:30  WARN 18200 --- [app-security] [http-nio-1290-exec-4] c.e.security.Controller.SeurityCont      : getting into try block at warn
2024-03-19T14:22:53.518+05:30  INFO 18200 --- [app-security] [http-nio-1290-exec-5] c.e.security.Controller.SeurityCont      : gettin into call method at info level
2024-03-19T14:22:53.518+05:30  WARN 18200 --- [app-security] [http-nio-1290-exec-5] c.e.security.Controller.SeurityCont      : getting into call method at warn level
2024-03-19T14:24:02.307+05:30  INFO 18200 --- [app-security] [File Watcher] rtingClassPathChangeChangedEventListener : Restarting due to 1 class path change (0 additions, 0 deletions, 1 modification)
2024-03-19T14:24:02.445+05:30  INFO 18200 --- [app-security] [restartedMain] c.e.security.AppSecurityApplication      : Starting AppSecurityApplication using Java 17.0.9 with PID 18200 (C:\Users\DC\Documents\workspace-spring-tool-suite-4-4.21.0\app-security\target\classes started by DC in C:\Users\DC\Documents\workspace-spring-tool-suite-4-4.21.0\app-security)
2024-03-19T14:24:02.445+05:30  INFO 18200 --- [app-security] [restartedMain] c.e.security.AppSecurityApplication      : No active profile set, falling back to 1 default profile: "default"
2024-03-19T14:24:02.721+05:30  INFO 18200 --- [app-security] [restartedMain] o.s.b.w.embedded.tomcat.TomcatWebServer  : Tomcat initialized with port 1290 (http)
2024-03-19T14:24:02.722+05:30  INFO 18200 --- [app-security] [restartedMain] o.apache.catalina.core.StandardService   : Starting service [Tomcat]
2024-03-19T14:24:02.723+05:30  INFO 18200 --- [app-security] [restartedMain] o.apache.catalina.core.StandardEngine    : Starting Servlet engine: [Apache Tomcat/10.1.19]
2024-03-19T14:24:02.735+05:30  INFO 18200 --- [app-security] [restartedMain] o.a.c.c.C.[Tomcat].[localhost].[/]       : Initializing Spring embedded WebApplicationContext
2024-03-19T14:24:02.736+05:30  INFO 18200 --- [app-security] [restartedMain] w.s.c.ServletWebServerApplicationContext : Root WebApplicationContext: initialization completed in 288 ms
2024-03-19T14:24:03.056+05:30  INFO 18200 --- [app-security] [restartedMain] o.s.s.web.DefaultSecurityFilterChain     : Will secure any request with [org.springframework.security.web.session.DisableEncodeUrlFilter@1020a826, org.springframework.security.web.context.request.async.WebAsyncManagerIntegrationFilter@6b4cd701, org.springframework.security.web.context.SecurityContextHolderFilter@3a844bb2, org.springframework.security.web.header.HeaderWriterFilter@7e0bdd58, org.springframework.web.filter.CorsFilter@7c212201, org.springframework.security.web.authentication.logout.LogoutFilter@76b33d47, org.springframework.security.web.authentication.www.BasicAuthenticationFilter@6bca1362, org.springframework.security.web.savedrequest.RequestCacheAwareFilter@5c9cb8d2, org.springframework.security.web.servletapi.SecurityContextHolderAwareRequestFilter@7750ac73, org.springframework.security.web.authentication.AnonymousAuthenticationFilter@474b7fe4, org.springframework.security.web.access.ExceptionTranslationFilter@6a5b85a, org.springframework.security.web.access.intercept.AuthorizationFilter@59a9ca7b]
2024-03-19T14:24:03.152+05:30  INFO 18200 --- [app-security] [restartedMain] o.s.b.d.a.OptionalLiveReloadServer       : LiveReload server is running on port 35729
2024-03-19T14:24:03.163+05:30  INFO 18200 --- [app-security] [restartedMain] o.s.b.w.embedded.tomcat.TomcatWebServer  : Tomcat started on port 1290 (http) with context path ''
2024-03-19T14:24:03.167+05:30  INFO 18200 --- [app-security] [restartedMain] c.e.security.AppSecurityApplication      : Started AppSecurityApplication in 0.765 seconds (process running for 423.185)
2024-03-19T14:24:03.169+05:30  INFO 18200 --- [app-security] [restartedMain] .ConditionEvaluationDeltaLoggingListener : Condition evaluation unchanged
2024-03-19T14:24:48.665+05:30  INFO 18200 --- [app-security] [File Watcher] rtingClassPathChangeChangedEventListener : Restarting due to 1 class path change (0 additions, 0 deletions, 1 modification)
2024-03-19T14:24:48.746+05:30  INFO 18200 --- [app-security] [restartedMain] c.e.security.AppSecurityApplication      : Starting AppSecurityApplication using Java 17.0.9 with PID 18200 (C:\Users\DC\Documents\workspace-spring-tool-suite-4-4.21.0\app-security\target\classes started by DC in C:\Users\DC\Documents\workspace-spring-tool-suite-4-4.21.0\app-security)
2024-03-19T14:24:48.747+05:30  INFO 18200 --- [app-security] [restartedMain] c.e.security.AppSecurityApplication      : No active profile set, falling back to 1 default profile: "default"
2024-03-19T14:24:48.943+05:30  INFO 18200 --- [app-security] [restartedMain] o.s.b.w.embedded.tomcat.TomcatWebServer  : Tomcat initialized with port 1290 (http)
2024-03-19T14:24:48.944+05:30  INFO 18200 --- [app-security] [restartedMain] o.apache.catalina.core.StandardService   : Starting service [Tomcat]
2024-03-19T14:24:48.944+05:30  INFO 18200 --- [app-security] [restartedMain] o.apache.catalina.core.StandardEngine    : Starting Servlet engine: [Apache Tomcat/10.1.19]
2024-03-19T14:24:48.956+05:30  INFO 18200 --- [app-security] [restartedMain] o.a.c.c.C.[Tomcat].[localhost].[/]       : Initializing Spring embedded WebApplicationContext
2024-03-19T14:24:48.956+05:30  INFO 18200 --- [app-security] [restartedMain] w.s.c.ServletWebServerApplicationContext : Root WebApplicationContext: initialization completed in 207 ms
2024-03-19T14:24:49.261+05:30  INFO 18200 --- [app-security] [restartedMain] o.s.s.web.DefaultSecurityFilterChain     : Will secure any request with [org.springframework.security.web.session.DisableEncodeUrlFilter@251f24a2, org.springframework.security.web.context.request.async.WebAsyncManagerIntegrationFilter@5b9a3e7a, org.springframework.security.web.context.SecurityContextHolderFilter@5fead8cf, org.springframework.security.web.header.HeaderWriterFilter@d6cb5d1, org.springframework.web.filter.CorsFilter@6e6e820, org.springframework.security.web.authentication.logout.LogoutFilter@5665da5c, org.springframework.security.web.authentication.www.BasicAuthenticationFilter@477f622e, org.springframework.security.web.savedrequest.RequestCacheAwareFilter@6fee4568, org.springframework.security.web.servletapi.SecurityContextHolderAwareRequestFilter@37eab4da, org.springframework.security.web.authentication.AnonymousAuthenticationFilter@3ab494c0, org.springframework.security.web.access.ExceptionTranslationFilter@69bd8ef, org.springframework.security.web.access.intercept.AuthorizationFilter@678754d5]
2024-03-19T14:24:49.325+05:30  INFO 18200 --- [app-security] [restartedMain] o.s.b.d.a.OptionalLiveReloadServer       : LiveReload server is running on port 35729
2024-03-19T14:24:49.333+05:30  INFO 18200 --- [app-security] [restartedMain] o.s.b.w.embedded.tomcat.TomcatWebServer  : Tomcat started on port 1290 (http) with context path ''
2024-03-19T14:24:49.338+05:30  INFO 18200 --- [app-security] [restartedMain] c.e.security.AppSecurityApplication      : Started AppSecurityApplication in 0.614 seconds (process running for 469.355)
2024-03-19T14:24:49.340+05:30  INFO 18200 --- [app-security] [restartedMain] .ConditionEvaluationDeltaLoggingListener : Condition evaluation unchanged
2024-03-19T14:24:59.262+05:30  INFO 18200 --- [app-security] [http-nio-1290-exec-2] o.a.c.c.C.[Tomcat].[localhost].[/]       : Initializing Spring DispatcherServlet 'dispatcherServlet'
2024-03-19T14:24:59.263+05:30  INFO 18200 --- [app-security] [http-nio-1290-exec-2] o.s.web.servlet.DispatcherServlet        : Initializing Servlet 'dispatcherServlet'
2024-03-19T14:24:59.263+05:30  INFO 18200 --- [app-security] [http-nio-1290-exec-2] o.s.web.servlet.DispatcherServlet        : Completed initialization in 0 ms
2024-03-19T14:24:59.439+05:30  INFO 18200 --- [app-security] [http-nio-1290-exec-2] c.e.security.Controller.SeurityCont      : gettin into call method at info level
2024-03-19T14:24:59.439+05:30  WARN 18200 --- [app-security] [http-nio-1290-exec-2] c.e.security.Controller.SeurityCont      : getting into call method at warn level
2024-03-19T14:25:06.964+05:30 ERROR 18200 --- [app-security] [http-nio-1290-exec-3] o.a.c.c.C.[.[.[/].[dispatcherServlet]    : Servlet.service() for servlet [dispatcherServlet] in context with path [] threw exception [Request processing failed: java.lang.IllegalArgumentException: Failed to evaluate expression 'hasrole('ADMIN')'] with root cause

org.springframework.expression.spel.SpelEvaluationException: EL1004E: Method call: Method hasrole(java.lang.String) cannot be found on type org.springframework.security.access.expression.method.MethodSecurityExpressionRoot
	at org.springframework.expression.spel.ast.MethodReference.findAccessorForMethod(MethodReference.java:237) ~[spring-expression-6.1.4.jar:6.1.4]
	at org.springframework.expression.spel.ast.MethodReference.getValueInternal(MethodReference.java:147) ~[spring-expression-6.1.4.jar:6.1.4]
	at org.springframework.expression.spel.ast.MethodReference.getValueInternal(MethodReference.java:107) ~[spring-expression-6.1.4.jar:6.1.4]
	at org.springframework.expression.spel.ast.SpelNodeImpl.getTypedValue(SpelNodeImpl.java:119) ~[spring-expression-6.1.4.jar:6.1.4]
	at org.springframework.expression.spel.standard.SpelExpression.getValue(SpelExpression.java:309) ~[spring-expression-6.1.4.jar:6.1.4]
	at org.springframework.security.access.expression.ExpressionUtils.evaluateAsBoolean(ExpressionUtils.java:30) ~[spring-security-core-6.2.2.jar:6.2.2]
	at org.springframework.security.authorization.method.PreAuthorizeAuthorizationManager.check(PreAuthorizeAuthorizationManager.java:68) ~[spring-security-core-6.2.2.jar:6.2.2]
	at org.springframework.security.authorization.method.PreAuthorizeAuthorizationManager.check(PreAuthorizeAuthorizationManager.java:40) ~[spring-security-core-6.2.2.jar:6.2.2]
	at org.springframework.security.config.annotation.method.configuration.DeferringObservationAuthorizationManager.check(DeferringObservationAuthorizationManager.java:47) ~[spring-security-config-6.2.2.jar:6.2.2]
	at org.springframework.security.authorization.method.AuthorizationManagerBeforeMethodInterceptor.attemptAuthorization(AuthorizationManagerBeforeMethodInterceptor.java:251) ~[spring-security-core-6.2.2.jar:6.2.2]
	at org.springframework.security.authorization.method.AuthorizationManagerBeforeMethodInterceptor.invoke(AuthorizationManagerBeforeMethodInterceptor.java:197) ~[spring-security-core-6.2.2.jar:6.2.2]
	at org.springframework.aop.framework.ReflectiveMethodInvocation.proceed(ReflectiveMethodInvocation.java:184) ~[spring-aop-6.1.4.jar:6.1.4]
	at org.springframework.aop.framework.CglibAopProxy$CglibMethodInvocation.proceed(CglibAopProxy.java:765) ~[spring-aop-6.1.4.jar:6.1.4]
	at org.springframework.aop.framework.CglibAopProxy$DynamicAdvisedInterceptor.intercept(CglibAopProxy.java:717) ~[spring-aop-6.1.4.jar:6.1.4]
	at com.example.security.Controller.SeurityCont$$SpringCGLIB$$0.length(<generated>) ~[classes/:na]
	at java.base/jdk.internal.reflect.NativeMethodAccessorImpl.invoke0(Native Method) ~[na:na]
	at java.base/jdk.internal.reflect.NativeMethodAccessorImpl.invoke(NativeMethodAccessorImpl.java:77) ~[na:na]
	at java.base/jdk.internal.reflect.DelegatingMethodAccessorImpl.invoke(DelegatingMethodAccessorImpl.java:43) ~[na:na]
	at java.base/java.lang.reflect.Method.invoke(Method.java:568) ~[na:na]
	at org.springframework.web.method.support.InvocableHandlerMethod.doInvoke(InvocableHandlerMethod.java:259) ~[spring-web-6.1.4.jar:6.1.4]
	at org.springframework.web.method.support.InvocableHandlerMethod.invokeForRequest(InvocableHandlerMethod.java:192) ~[spring-web-6.1.4.jar:6.1.4]
	at org.springframework.web.servlet.mvc.method.annotation.ServletInvocableHandlerMethod.invokeAndHandle(ServletInvocableHandlerMethod.java:118) ~[spring-webmvc-6.1.4.jar:6.1.4]
	at org.springframework.web.servlet.mvc.method.annotation.RequestMappingHandlerAdapter.invokeHandlerMethod(RequestMappingHandlerAdapter.java:920) ~[spring-webmvc-6.1.4.jar:6.1.4]
	at org.springframework.web.servlet.mvc.method.annotation.RequestMappingHandlerAdapter.handleInternal(RequestMappingHandlerAdapter.java:830) ~[spring-webmvc-6.1.4.jar:6.1.4]
	at org.springframework.web.servlet.mvc.method.AbstractHandlerMethodAdapter.handle(AbstractHandlerMethodAdapter.java:87) ~[spring-webmvc-6.1.4.jar:6.1.4]
	at org.springframework.web.servlet.DispatcherServlet.doDispatch(DispatcherServlet.java:1089) ~[spring-webmvc-6.1.4.jar:6.1.4]
	at org.springframework.web.servlet.DispatcherServlet.doService(DispatcherServlet.java:979) ~[spring-webmvc-6.1.4.jar:6.1.4]
	at org.springframework.web.servlet.FrameworkServlet.processRequest(FrameworkServlet.java:1014) ~[spring-webmvc-6.1.4.jar:6.1.4]
	at org.springframework.web.servlet.FrameworkServlet.doGet(FrameworkServlet.java:903) ~[spring-webmvc-6.1.4.jar:6.1.4]
	at jakarta.servlet.http.HttpServlet.service(HttpServlet.java:564) ~[tomcat-embed-core-10.1.19.jar:6.0]
	at org.springframework.web.servlet.FrameworkServlet.service(FrameworkServlet.java:885) ~[spring-webmvc-6.1.4.jar:6.1.4]
	at jakarta.servlet.http.HttpServlet.service(HttpServlet.java:658) ~[tomcat-embed-core-10.1.19.jar:6.0]
	at org.apache.catalina.core.ApplicationFilterChain.internalDoFilter(ApplicationFilterChain.java:205) ~[tomcat-embed-core-10.1.19.jar:10.1.19]
	at org.apache.catalina.core.ApplicationFilterChain.doFilter(ApplicationFilterChain.java:149) ~[tomcat-embed-core-10.1.19.jar:10.1.19]
	at org.apache.tomcat.websocket.server.WsFilter.doFilter(WsFilter.java:51) ~[tomcat-embed-websocket-10.1.19.jar:10.1.19]
	at org.apache.catalina.core.ApplicationFilterChain.internalDoFilter(ApplicationFilterChain.java:174) ~[tomcat-embed-core-10.1.19.jar:10.1.19]
	at org.apache.catalina.core.ApplicationFilterChain.doFilter(ApplicationFilterChain.java:149) ~[tomcat-embed-core-10.1.19.jar:10.1.19]
	at org.springframework.web.filter.CompositeFilter$VirtualFilterChain.doFilter(CompositeFilter.java:108) ~[spring-web-6.1.4.jar:6.1.4]
	at org.springframework.security.web.FilterChainProxy.lambda$doFilterInternal$3(FilterChainProxy.java:231) ~[spring-security-web-6.2.2.jar:6.2.2]
	at org.springframework.security.web.FilterChainProxy$VirtualFilterChain.doFilter(FilterChainProxy.java:365) ~[spring-security-web-6.2.2.jar:6.2.2]
	at org.springframework.security.web.access.intercept.AuthorizationFilter.doFilter(AuthorizationFilter.java:100) ~[spring-security-web-6.2.2.jar:6.2.2]
	at org.springframework.security.web.FilterChainProxy$VirtualFilterChain.doFilter(FilterChainProxy.java:374) ~[spring-security-web-6.2.2.jar:6.2.2]
	at org.springframework.security.web.access.ExceptionTranslationFilter.doFilter(ExceptionTranslationFilter.java:126) ~[spring-security-web-6.2.2.jar:6.2.2]
	at org.springframework.security.web.access.ExceptionTranslationFilter.doFilter(ExceptionTranslationFilter.java:120) ~[spring-security-web-6.2.2.jar:6.2.2]
	at org.springframework.security.web.FilterChainProxy$VirtualFilterChain.doFilter(FilterChainProxy.java:374) ~[spring-security-web-6.2.2.jar:6.2.2]
	at org.springframework.security.web.authentication.AnonymousAuthenticationFilter.doFilter(AnonymousAuthenticationFilter.java:100) ~[spring-security-web-6.2.2.jar:6.2.2]
	at org.springframework.security.web.FilterChainProxy$VirtualFilterChain.doFilter(FilterChainProxy.java:374) ~[spring-security-web-6.2.2.jar:6.2.2]
	at org.springframework.security.web.servletapi.SecurityContextHolderAwareRequestFilter.doFilter(SecurityContextHolderAwareRequestFilter.java:179) ~[spring-security-web-6.2.2.jar:6.2.2]
	at org.springframework.security.web.FilterChainProxy$VirtualFilterChain.doFilter(FilterChainProxy.java:374) ~[spring-security-web-6.2.2.jar:6.2.2]
	at org.springframework.security.web.savedrequest.RequestCacheAwareFilter.doFilter(RequestCacheAwareFilter.java:63) ~[spring-security-web-6.2.2.jar:6.2.2]
	at org.springframework.security.web.FilterChainProxy$VirtualFilterChain.doFilter(FilterChainProxy.java:374) ~[spring-security-web-6.2.2.jar:6.2.2]
	at org.springframework.security.web.authentication.www.BasicAuthenticationFilter.doFilterInternal(BasicAuthenticationFilter.java:213) ~[spring-security-web-6.2.2.jar:6.2.2]
	at org.springframework.web.filter.OncePerRequestFilter.doFilter(OncePerRequestFilter.java:116) ~[spring-web-6.1.4.jar:6.1.4]
	at org.springframework.security.web.FilterChainProxy$VirtualFilterChain.doFilter(FilterChainProxy.java:374) ~[spring-security-web-6.2.2.jar:6.2.2]
	at org.springframework.security.web.authentication.logout.LogoutFilter.doFilter(LogoutFilter.java:107) ~[spring-security-web-6.2.2.jar:6.2.2]
	at org.springframework.security.web.authentication.logout.LogoutFilter.doFilter(LogoutFilter.java:93) ~[spring-security-web-6.2.2.jar:6.2.2]
	at org.springframework.security.web.FilterChainProxy$VirtualFilterChain.doFilter(FilterChainProxy.java:374) ~[spring-security-web-6.2.2.jar:6.2.2]
	at org.springframework.web.filter.CorsFilter.doFilterInternal(CorsFilter.java:91) ~[spring-web-6.1.4.jar:6.1.4]
	at org.springframework.web.filter.OncePerRequestFilter.doFilter(OncePerRequestFilter.java:116) ~[spring-web-6.1.4.jar:6.1.4]
	at org.springframework.security.web.FilterChainProxy$VirtualFilterChain.doFilter(FilterChainProxy.java:374) ~[spring-security-web-6.2.2.jar:6.2.2]
	at org.springframework.security.web.header.HeaderWriterFilter.doHeadersAfter(HeaderWriterFilter.java:90) ~[spring-security-web-6.2.2.jar:6.2.2]
	at org.springframework.security.web.header.HeaderWriterFilter.doFilterInternal(HeaderWriterFilter.java:75) ~[spring-security-web-6.2.2.jar:6.2.2]
	at org.springframework.web.filter.OncePerRequestFilter.doFilter(OncePerRequestFilter.java:116) ~[spring-web-6.1.4.jar:6.1.4]
	at org.springframework.security.web.FilterChainProxy$VirtualFilterChain.doFilter(FilterChainProxy.java:374) ~[spring-security-web-6.2.2.jar:6.2.2]
	at org.springframework.security.web.context.SecurityContextHolderFilter.doFilter(SecurityContextHolderFilter.java:82) ~[spring-security-web-6.2.2.jar:6.2.2]
	at org.springframework.security.web.context.SecurityContextHolderFilter.doFilter(SecurityContextHolderFilter.java:69) ~[spring-security-web-6.2.2.jar:6.2.2]
	at org.springframework.security.web.FilterChainProxy$VirtualFilterChain.doFilter(FilterChainProxy.java:374) ~[spring-security-web-6.2.2.jar:6.2.2]
	at org.springframework.security.web.context.request.async.WebAsyncManagerIntegrationFilter.doFilterInternal(WebAsyncManagerIntegrationFilter.java:62) ~[spring-security-web-6.2.2.jar:6.2.2]
	at org.springframework.web.filter.OncePerRequestFilter.doFilter(OncePerRequestFilter.java:116) ~[spring-web-6.1.4.jar:6.1.4]
	at org.springframework.security.web.FilterChainProxy$VirtualFilterChain.doFilter(FilterChainProxy.java:374) ~[spring-security-web-6.2.2.jar:6.2.2]
	at org.springframework.security.web.session.DisableEncodeUrlFilter.doFilterInternal(DisableEncodeUrlFilter.java:42) ~[spring-security-web-6.2.2.jar:6.2.2]
	at org.springframework.web.filter.OncePerRequestFilter.doFilter(OncePerRequestFilter.java:116) ~[spring-web-6.1.4.jar:6.1.4]
	at org.springframework.security.web.FilterChainProxy$VirtualFilterChain.doFilter(FilterChainProxy.java:374) ~[spring-security-web-6.2.2.jar:6.2.2]
	at org.springframework.security.web.FilterChainProxy.doFilterInternal(FilterChainProxy.java:233) ~[spring-security-web-6.2.2.jar:6.2.2]
	at org.springframework.security.web.FilterChainProxy.doFilter(FilterChainProxy.java:191) ~[spring-security-web-6.2.2.jar:6.2.2]
	at org.springframework.web.filter.CompositeFilter$VirtualFilterChain.doFilter(CompositeFilter.java:113) ~[spring-web-6.1.4.jar:6.1.4]
	at org.springframework.web.servlet.handler.HandlerMappingIntrospector.lambda$createCacheFilter$3(HandlerMappingIntrospector.java:195) ~[spring-webmvc-6.1.4.jar:6.1.4]
	at org.springframework.web.filter.CompositeFilter$VirtualFilterChain.doFilter(CompositeFilter.java:113) ~[spring-web-6.1.4.jar:6.1.4]
	at org.springframework.web.filter.CompositeFilter.doFilter(CompositeFilter.java:74) ~[spring-web-6.1.4.jar:6.1.4]
	at org.springframework.security.config.annotation.web.configuration.WebMvcSecurityConfiguration$CompositeFilterChainProxy.doFilter(WebMvcSecurityConfiguration.java:230) ~[spring-security-config-6.2.2.jar:6.2.2]
	at org.springframework.web.filter.DelegatingFilterProxy.invokeDelegate(DelegatingFilterProxy.java:352) ~[spring-web-6.1.4.jar:6.1.4]
	at org.springframework.web.filter.DelegatingFilterProxy.doFilter(DelegatingFilterProxy.java:268) ~[spring-web-6.1.4.jar:6.1.4]
	at org.apache.catalina.core.ApplicationFilterChain.internalDoFilter(ApplicationFilterChain.java:174) ~[tomcat-embed-core-10.1.19.jar:10.1.19]
	at org.apache.catalina.core.ApplicationFilterChain.doFilter(ApplicationFilterChain.java:149) ~[tomcat-embed-core-10.1.19.jar:10.1.19]
	at org.springframework.web.filter.RequestContextFilter.doFilterInternal(RequestContextFilter.java:100) ~[spring-web-6.1.4.jar:6.1.4]
	at org.springframework.web.filter.OncePerRequestFilter.doFilter(OncePerRequestFilter.java:116) ~[spring-web-6.1.4.jar:6.1.4]
	at org.apache.catalina.core.ApplicationFilterChain.internalDoFilter(ApplicationFilterChain.java:174) ~[tomcat-embed-core-10.1.19.jar:10.1.19]
	at org.apache.catalina.core.ApplicationFilterChain.doFilter(ApplicationFilterChain.java:149) ~[tomcat-embed-core-10.1.19.jar:10.1.19]
	at org.springframework.web.filter.FormContentFilter.doFilterInternal(FormContentFilter.java:93) ~[spring-web-6.1.4.jar:6.1.4]
	at org.springframework.web.filter.OncePerRequestFilter.doFilter(OncePerRequestFilter.java:116) ~[spring-web-6.1.4.jar:6.1.4]
	at org.apache.catalina.core.ApplicationFilterChain.internalDoFilter(ApplicationFilterChain.java:174) ~[tomcat-embed-core-10.1.19.jar:10.1.19]
	at org.apache.catalina.core.ApplicationFilterChain.doFilter(ApplicationFilterChain.java:149) ~[tomcat-embed-core-10.1.19.jar:10.1.19]
	at org.springframework.web.filter.CharacterEncodingFilter.doFilterInternal(CharacterEncodingFilter.java:201) ~[spring-web-6.1.4.jar:6.1.4]
	at org.springframework.web.filter.OncePerRequestFilter.doFilter(OncePerRequestFilter.java:116) ~[spring-web-6.1.4.jar:6.1.4]
	at org.apache.catalina.core.ApplicationFilterChain.internalDoFilter(ApplicationFilterChain.java:174) ~[tomcat-embed-core-10.1.19.jar:10.1.19]
	at org.apache.catalina.core.ApplicationFilterChain.doFilter(ApplicationFilterChain.java:149) ~[tomcat-embed-core-10.1.19.jar:10.1.19]
	at org.apache.catalina.core.StandardWrapperValve.invoke(StandardWrapperValve.java:167) ~[tomcat-embed-core-10.1.19.jar:10.1.19]
	at org.apache.catalina.core.StandardContextValve.invoke(StandardContextValve.java:90) ~[tomcat-embed-core-10.1.19.jar:10.1.19]
	at org.apache.catalina.authenticator.AuthenticatorBase.invoke(AuthenticatorBase.java:482) ~[tomcat-embed-core-10.1.19.jar:10.1.19]
	at org.apache.catalina.core.StandardHostValve.invoke(StandardHostValve.java:115) ~[tomcat-embed-core-10.1.19.jar:10.1.19]
	at org.apache.catalina.valves.ErrorReportValve.invoke(ErrorReportValve.java:93) ~[tomcat-embed-core-10.1.19.jar:10.1.19]
	at org.apache.catalina.core.StandardEngineValve.invoke(StandardEngineValve.java:74) ~[tomcat-embed-core-10.1.19.jar:10.1.19]
	at org.apache.catalina.connector.CoyoteAdapter.service(CoyoteAdapter.java:344) ~[tomcat-embed-core-10.1.19.jar:10.1.19]
	at org.apache.coyote.http11.Http11Processor.service(Http11Processor.java:391) ~[tomcat-embed-core-10.1.19.jar:10.1.19]
	at org.apache.coyote.AbstractProcessorLight.process(AbstractProcessorLight.java:63) ~[tomcat-embed-core-10.1.19.jar:10.1.19]
	at org.apache.coyote.AbstractProtocol$ConnectionHandler.process(AbstractProtocol.java:896) ~[tomcat-embed-core-10.1.19.jar:10.1.19]
	at org.apache.tomcat.util.net.NioEndpoint$SocketProcessor.doRun(NioEndpoint.java:1744) ~[tomcat-embed-core-10.1.19.jar:10.1.19]
	at org.apache.tomcat.util.net.SocketProcessorBase.run(SocketProcessorBase.java:52) ~[tomcat-embed-core-10.1.19.jar:10.1.19]
	at org.apache.tomcat.util.threads.ThreadPoolExecutor.runWorker(ThreadPoolExecutor.java:1191) ~[tomcat-embed-core-10.1.19.jar:10.1.19]
	at org.apache.tomcat.util.threads.ThreadPoolExecutor$Worker.run(ThreadPoolExecutor.java:659) ~[tomcat-embed-core-10.1.19.jar:10.1.19]
	at org.apache.tomcat.util.threads.TaskThread$WrappingRunnable.run(TaskThread.java:63) ~[tomcat-embed-core-10.1.19.jar:10.1.19]
	at java.base/java.lang.Thread.run(Thread.java:840) ~[na:na]

2024-03-19T14:26:52.725+05:30  INFO 18200 --- [app-security] [File Watcher] rtingClassPathChangeChangedEventListener : Restarting due to 1 class path change (0 additions, 0 deletions, 1 modification)
2024-03-19T14:26:52.818+05:30  INFO 18200 --- [app-security] [restartedMain] c.e.security.AppSecurityApplication      : Starting AppSecurityApplication using Java 17.0.9 with PID 18200 (C:\Users\DC\Documents\workspace-spring-tool-suite-4-4.21.0\app-security\target\classes started by DC in C:\Users\DC\Documents\workspace-spring-tool-suite-4-4.21.0\app-security)
2024-03-19T14:26:52.818+05:30  INFO 18200 --- [app-security] [restartedMain] c.e.security.AppSecurityApplication      : No active profile set, falling back to 1 default profile: "default"
2024-03-19T14:26:53.004+05:30  INFO 18200 --- [app-security] [restartedMain] o.s.b.w.embedded.tomcat.TomcatWebServer  : Tomcat initialized with port 1290 (http)
2024-03-19T14:26:53.005+05:30  INFO 18200 --- [app-security] [restartedMain] o.apache.catalina.core.StandardService   : Starting service [Tomcat]
2024-03-19T14:26:53.005+05:30  INFO 18200 --- [app-security] [restartedMain] o.apache.catalina.core.StandardEngine    : Starting Servlet engine: [Apache Tomcat/10.1.19]
2024-03-19T14:26:53.017+05:30  INFO 18200 --- [app-security] [restartedMain] o.a.c.c.C.[Tomcat].[localhost].[/]       : Initializing Spring embedded WebApplicationContext
2024-03-19T14:26:53.017+05:30  INFO 18200 --- [app-security] [restartedMain] w.s.c.ServletWebServerApplicationContext : Root WebApplicationContext: initialization completed in 197 ms
2024-03-19T14:26:53.315+05:30  INFO 18200 --- [app-security] [restartedMain] o.s.s.web.DefaultSecurityFilterChain     : Will secure any request with [org.springframework.security.web.session.DisableEncodeUrlFilter@7033b046, org.springframework.security.web.context.request.async.WebAsyncManagerIntegrationFilter@7b28916f, org.springframework.security.web.context.SecurityContextHolderFilter@4e446cd1, org.springframework.security.web.header.HeaderWriterFilter@55175252, org.springframework.web.filter.CorsFilter@7e63b235, org.springframework.security.web.authentication.logout.LogoutFilter@19262d39, org.springframework.security.web.authentication.www.BasicAuthenticationFilter@799e8eb6, org.springframework.security.web.savedrequest.RequestCacheAwareFilter@6e4404a0, org.springframework.security.web.servletapi.SecurityContextHolderAwareRequestFilter@1b83a161, org.springframework.security.web.authentication.AnonymousAuthenticationFilter@73057871, org.springframework.security.web.access.ExceptionTranslationFilter@61a28213, org.springframework.security.web.access.intercept.AuthorizationFilter@659c1a4d]
2024-03-19T14:26:53.373+05:30  INFO 18200 --- [app-security] [restartedMain] o.s.b.d.a.OptionalLiveReloadServer       : LiveReload server is running on port 35729
2024-03-19T14:26:53.380+05:30  INFO 18200 --- [app-security] [restartedMain] o.s.b.w.embedded.tomcat.TomcatWebServer  : Tomcat started on port 1290 (http) with context path ''
2024-03-19T14:26:53.385+05:30  INFO 18200 --- [app-security] [restartedMain] c.e.security.AppSecurityApplication      : Started AppSecurityApplication in 0.589 seconds (process running for 593.402)
2024-03-19T14:26:53.386+05:30  INFO 18200 --- [app-security] [restartedMain] .ConditionEvaluationDeltaLoggingListener : Condition evaluation unchanged
2024-03-19T14:27:01.618+05:30  INFO 18200 --- [app-security] [http-nio-1290-exec-2] o.a.c.c.C.[Tomcat].[localhost].[/]       : Initializing Spring DispatcherServlet 'dispatcherServlet'
2024-03-19T14:27:01.619+05:30  INFO 18200 --- [app-security] [http-nio-1290-exec-2] o.s.web.servlet.DispatcherServlet        : Initializing Servlet 'dispatcherServlet'
2024-03-19T14:27:01.620+05:30  INFO 18200 --- [app-security] [http-nio-1290-exec-2] o.s.web.servlet.DispatcherServlet        : Completed initialization in 1 ms
2024-03-19T14:27:01.803+05:30  WARN 18200 --- [app-security] [http-nio-1290-exec-2] c.e.security.Controller.SeurityCont      : getting into try block at warn
2024-03-19T14:27:09.466+05:30  INFO 18200 --- [app-security] [http-nio-1290-exec-3] c.e.security.Controller.SeurityCont      : gettin into call method at info level
2024-03-19T14:27:09.466+05:30  WARN 18200 --- [app-security] [http-nio-1290-exec-3] c.e.security.Controller.SeurityCont      : getting into call method at warn level
2024-03-19T14:27:25.742+05:30  INFO 18200 --- [app-security] [http-nio-1290-exec-4] c.e.security.Controller.SeurityCont      : gettin into call method at info level
2024-03-19T14:27:25.742+05:30  WARN 18200 --- [app-security] [http-nio-1290-exec-4] c.e.security.Controller.SeurityCont      : getting into call method at warn level
2024-03-19T14:27:52.417+05:30  WARN 18200 --- [app-security] [http-nio-1290-exec-6] c.e.security.Controller.SeurityCont      : getting into try block at warn
2024-03-19T15:12:15.644+05:30  INFO 18200 --- [app-security] [File Watcher] rtingClassPathChangeChangedEventListener : Restarting due to 1 class path change (0 additions, 0 deletions, 1 modification)
2024-03-19T15:12:15.720+05:30  INFO 18200 --- [app-security] [restartedMain] c.e.security.AppSecurityApplication      : Starting AppSecurityApplication using Java 17.0.9 with PID 18200 (C:\Users\DC\Documents\workspace-spring-tool-suite-4-4.21.0\app-security\target\classes started by DC in C:\Users\DC\Documents\workspace-spring-tool-suite-4-4.21.0\app-security)
2024-03-19T15:12:15.720+05:30  INFO 18200 --- [app-security] [restartedMain] c.e.security.AppSecurityApplication      : No active profile set, falling back to 1 default profile: "default"
2024-03-19T15:12:15.923+05:30  INFO 18200 --- [app-security] [restartedMain] o.s.b.w.embedded.tomcat.TomcatWebServer  : Tomcat initialized with port 1290 (http)
2024-03-19T15:12:15.924+05:30  INFO 18200 --- [app-security] [restartedMain] o.apache.catalina.core.StandardService   : Starting service [Tomcat]
2024-03-19T15:12:15.924+05:30  INFO 18200 --- [app-security] [restartedMain] o.apache.catalina.core.StandardEngine    : Starting Servlet engine: [Apache Tomcat/10.1.19]
2024-03-19T15:12:15.937+05:30  INFO 18200 --- [app-security] [restartedMain] o.a.c.c.C.[Tomcat].[localhost].[/]       : Initializing Spring embedded WebApplicationContext
2024-03-19T15:12:15.937+05:30  INFO 18200 --- [app-security] [restartedMain] w.s.c.ServletWebServerApplicationContext : Root WebApplicationContext: initialization completed in 215 ms
2024-03-19T15:12:16.274+05:30  INFO 18200 --- [app-security] [restartedMain] o.s.s.web.DefaultSecurityFilterChain     : Will secure any request with [org.springframework.security.web.session.DisableEncodeUrlFilter@522d1a28, org.springframework.security.web.context.request.async.WebAsyncManagerIntegrationFilter@5f318ec2, org.springframework.security.web.context.SecurityContextHolderFilter@6522f05f, org.springframework.security.web.header.HeaderWriterFilter@7885edf8, org.springframework.web.filter.CorsFilter@6e45fb73, org.springframework.security.web.csrf.CsrfFilter@48ad58d1, org.springframework.security.web.authentication.logout.LogoutFilter@3b762150, org.springframework.security.web.authentication.UsernamePasswordAuthenticationFilter@4692cd51, org.springframework.security.web.authentication.ui.DefaultLoginPageGeneratingFilter@48edadbe, org.springframework.security.web.authentication.ui.DefaultLogoutPageGeneratingFilter@3e6d5baf, org.springframework.security.web.savedrequest.RequestCacheAwareFilter@476b47fa, org.springframework.security.web.servletapi.SecurityContextHolderAwareRequestFilter@1fd07991, org.springframework.security.web.authentication.AnonymousAuthenticationFilter@42bfa10, org.springframework.security.web.access.ExceptionTranslationFilter@360dcdd3, org.springframework.security.web.access.intercept.AuthorizationFilter@471ecb7c]
2024-03-19T15:12:16.346+05:30  INFO 18200 --- [app-security] [restartedMain] o.s.b.d.a.OptionalLiveReloadServer       : LiveReload server is running on port 35729
2024-03-19T15:12:16.356+05:30  INFO 18200 --- [app-security] [restartedMain] o.s.b.w.embedded.tomcat.TomcatWebServer  : Tomcat started on port 1290 (http) with context path ''
2024-03-19T15:12:16.359+05:30  INFO 18200 --- [app-security] [restartedMain] c.e.security.AppSecurityApplication      : Started AppSecurityApplication in 0.662 seconds (process running for 3316.377)
2024-03-19T15:12:16.361+05:30  INFO 18200 --- [app-security] [restartedMain] .ConditionEvaluationDeltaLoggingListener : Condition evaluation unchanged
2024-03-19T15:12:53.703+05:30  INFO 18200 --- [app-security] [File Watcher] rtingClassPathChangeChangedEventListener : Restarting due to 1 class path change (0 additions, 0 deletions, 1 modification)
2024-03-19T15:12:53.777+05:30  INFO 18200 --- [app-security] [restartedMain] c.e.security.AppSecurityApplication      : Starting AppSecurityApplication using Java 17.0.9 with PID 18200 (C:\Users\DC\Documents\workspace-spring-tool-suite-4-4.21.0\app-security\target\classes started by DC in C:\Users\DC\Documents\workspace-spring-tool-suite-4-4.21.0\app-security)
2024-03-19T15:12:53.778+05:30  INFO 18200 --- [app-security] [restartedMain] c.e.security.AppSecurityApplication      : No active profile set, falling back to 1 default profile: "default"
2024-03-19T15:12:53.971+05:30  INFO 18200 --- [app-security] [restartedMain] o.s.b.w.embedded.tomcat.TomcatWebServer  : Tomcat initialized with port 1290 (http)
2024-03-19T15:12:53.971+05:30  INFO 18200 --- [app-security] [restartedMain] o.apache.catalina.core.StandardService   : Starting service [Tomcat]
2024-03-19T15:12:53.971+05:30  INFO 18200 --- [app-security] [restartedMain] o.apache.catalina.core.StandardEngine    : Starting Servlet engine: [Apache Tomcat/10.1.19]
2024-03-19T15:12:53.983+05:30  INFO 18200 --- [app-security] [restartedMain] o.a.c.c.C.[Tomcat].[localhost].[/]       : Initializing Spring embedded WebApplicationContext
2024-03-19T15:12:53.983+05:30  INFO 18200 --- [app-security] [restartedMain] w.s.c.ServletWebServerApplicationContext : Root WebApplicationContext: initialization completed in 202 ms
2024-03-19T15:12:54.287+05:30  INFO 18200 --- [app-security] [restartedMain] o.s.s.web.DefaultSecurityFilterChain     : Will secure any request with [org.springframework.security.web.session.DisableEncodeUrlFilter@55c5ed40, org.springframework.security.web.context.request.async.WebAsyncManagerIntegrationFilter@3501df59, org.springframework.security.web.context.SecurityContextHolderFilter@ac6842e, org.springframework.security.web.header.HeaderWriterFilter@6f193c10, org.springframework.web.filter.CorsFilter@5f4f4bb2, org.springframework.security.web.csrf.CsrfFilter@62d0ae51, org.springframework.security.web.authentication.logout.LogoutFilter@81c08c7, org.springframework.security.web.authentication.UsernamePasswordAuthenticationFilter@3d779019, org.springframework.security.web.authentication.ui.DefaultLoginPageGeneratingFilter@43bb9ece, org.springframework.security.web.authentication.ui.DefaultLogoutPageGeneratingFilter@5eb9ff1a, org.springframework.security.web.savedrequest.RequestCacheAwareFilter@6d830101, org.springframework.security.web.servletapi.SecurityContextHolderAwareRequestFilter@65e4d7de, org.springframework.security.web.authentication.AnonymousAuthenticationFilter@246ca660, org.springframework.security.web.access.ExceptionTranslationFilter@630d7c4b, org.springframework.security.web.access.intercept.AuthorizationFilter@5457de7d]
2024-03-19T15:12:54.346+05:30  INFO 18200 --- [app-security] [restartedMain] o.s.b.d.a.OptionalLiveReloadServer       : LiveReload server is running on port 35729
2024-03-19T15:12:54.357+05:30  INFO 18200 --- [app-security] [restartedMain] o.s.b.w.embedded.tomcat.TomcatWebServer  : Tomcat started on port 1290 (http) with context path ''
2024-03-19T15:12:54.360+05:30  INFO 18200 --- [app-security] [restartedMain] c.e.security.AppSecurityApplication      : Started AppSecurityApplication in 0.602 seconds (process running for 3354.377)
2024-03-19T15:12:54.361+05:30  INFO 18200 --- [app-security] [restartedMain] .ConditionEvaluationDeltaLoggingListener : Condition evaluation unchanged
2024-03-19T15:15:16.316+05:30  INFO 18200 --- [app-security] [File Watcher] rtingClassPathChangeChangedEventListener : Restarting due to 1 class path change (0 additions, 0 deletions, 1 modification)
2024-03-19T15:15:16.396+05:30  INFO 18200 --- [app-security] [restartedMain] c.e.security.AppSecurityApplication      : Starting AppSecurityApplication using Java 17.0.9 with PID 18200 (C:\Users\DC\Documents\workspace-spring-tool-suite-4-4.21.0\app-security\target\classes started by DC in C:\Users\DC\Documents\workspace-spring-tool-suite-4-4.21.0\app-security)
2024-03-19T15:15:16.398+05:30  INFO 18200 --- [app-security] [restartedMain] c.e.security.AppSecurityApplication      : No active profile set, falling back to 1 default profile: "default"
2024-03-19T15:15:16.587+05:30  INFO 18200 --- [app-security] [restartedMain] o.s.b.w.embedded.tomcat.TomcatWebServer  : Tomcat initialized with port 1290 (http)
2024-03-19T15:15:16.588+05:30  INFO 18200 --- [app-security] [restartedMain] o.apache.catalina.core.StandardService   : Starting service [Tomcat]
2024-03-19T15:15:16.588+05:30  INFO 18200 --- [app-security] [restartedMain] o.apache.catalina.core.StandardEngine    : Starting Servlet engine: [Apache Tomcat/10.1.19]
2024-03-19T15:15:16.602+05:30  INFO 18200 --- [app-security] [restartedMain] o.a.c.c.C.[Tomcat].[localhost].[/]       : Initializing Spring embedded WebApplicationContext
2024-03-19T15:15:16.602+05:30  INFO 18200 --- [app-security] [restartedMain] w.s.c.ServletWebServerApplicationContext : Root WebApplicationContext: initialization completed in 203 ms
2024-03-19T15:15:16.896+05:30  INFO 18200 --- [app-security] [restartedMain] o.s.s.web.DefaultSecurityFilterChain     : Will secure any request with [org.springframework.security.web.session.DisableEncodeUrlFilter@483f97c5, org.springframework.security.web.context.request.async.WebAsyncManagerIntegrationFilter@24243d69, org.springframework.security.web.context.SecurityContextHolderFilter@1f32891, org.springframework.security.web.header.HeaderWriterFilter@39a19e5f, org.springframework.web.filter.CorsFilter@1b4f3eee, org.springframework.security.web.csrf.CsrfFilter@40c4719b, org.springframework.security.web.authentication.logout.LogoutFilter@69e1819d, org.springframework.security.web.authentication.UsernamePasswordAuthenticationFilter@2db71687, org.springframework.security.web.authentication.ui.DefaultLoginPageGeneratingFilter@55feb015, org.springframework.security.web.authentication.ui.DefaultLogoutPageGeneratingFilter@ed9002e, org.springframework.security.web.savedrequest.RequestCacheAwareFilter@6258c99d, org.springframework.security.web.servletapi.SecurityContextHolderAwareRequestFilter@6018892f, org.springframework.security.web.authentication.AnonymousAuthenticationFilter@3aec3f8f, org.springframework.security.web.access.ExceptionTranslationFilter@ff1a667, org.springframework.security.web.access.intercept.AuthorizationFilter@6d4a53d0]
2024-03-19T15:15:16.953+05:30  INFO 18200 --- [app-security] [restartedMain] o.s.b.d.a.OptionalLiveReloadServer       : LiveReload server is running on port 35729
2024-03-19T15:15:16.963+05:30  INFO 18200 --- [app-security] [restartedMain] o.s.b.w.embedded.tomcat.TomcatWebServer  : Tomcat started on port 1290 (http) with context path ''
2024-03-19T15:15:16.967+05:30  INFO 18200 --- [app-security] [restartedMain] c.e.security.AppSecurityApplication      : Started AppSecurityApplication in 0.589 seconds (process running for 3496.985)
2024-03-19T15:15:16.968+05:30  INFO 18200 --- [app-security] [restartedMain] .ConditionEvaluationDeltaLoggingListener : Condition evaluation unchanged
2024-03-19T15:15:46.069+05:30  INFO 18200 --- [app-security] [http-nio-1290-exec-1] o.a.c.c.C.[Tomcat].[localhost].[/]       : Initializing Spring DispatcherServlet 'dispatcherServlet'
2024-03-19T15:15:46.069+05:30  INFO 18200 --- [app-security] [http-nio-1290-exec-1] o.s.web.servlet.DispatcherServlet        : Initializing Servlet 'dispatcherServlet'
2024-03-19T15:15:46.070+05:30  INFO 18200 --- [app-security] [http-nio-1290-exec-1] o.s.web.servlet.DispatcherServlet        : Completed initialization in 1 ms
2024-03-19T15:15:59.467+05:30  INFO 18200 --- [app-security] [http-nio-1290-exec-4] c.e.security.Controller.SeurityCont      : gettin into call method at info level
2024-03-19T15:15:59.467+05:30  WARN 18200 --- [app-security] [http-nio-1290-exec-4] c.e.security.Controller.SeurityCont      : getting into call method at warn level
2024-03-19T15:16:35.841+05:30  WARN 18200 --- [app-security] [http-nio-1290-exec-6] c.e.security.Controller.SeurityCont      : getting into try block at warn
2024-03-19T15:17:03.871+05:30  INFO 18200 --- [app-security] [File Watcher] rtingClassPathChangeChangedEventListener : Restarting due to 1 class path change (0 additions, 0 deletions, 1 modification)
2024-03-19T15:17:03.948+05:30  INFO 18200 --- [app-security] [restartedMain] c.e.security.AppSecurityApplication      : Starting AppSecurityApplication using Java 17.0.9 with PID 18200 (C:\Users\DC\Documents\workspace-spring-tool-suite-4-4.21.0\app-security\target\classes started by DC in C:\Users\DC\Documents\workspace-spring-tool-suite-4-4.21.0\app-security)
2024-03-19T15:17:03.949+05:30  INFO 18200 --- [app-security] [restartedMain] c.e.security.AppSecurityApplication      : No active profile set, falling back to 1 default profile: "default"
2024-03-19T15:17:04.127+05:30  INFO 18200 --- [app-security] [restartedMain] o.s.b.w.embedded.tomcat.TomcatWebServer  : Tomcat initialized with port 1290 (http)
2024-03-19T15:17:04.127+05:30  INFO 18200 --- [app-security] [restartedMain] o.apache.catalina.core.StandardService   : Starting service [Tomcat]
2024-03-19T15:17:04.127+05:30  INFO 18200 --- [app-security] [restartedMain] o.apache.catalina.core.StandardEngine    : Starting Servlet engine: [Apache Tomcat/10.1.19]
2024-03-19T15:17:04.137+05:30  INFO 18200 --- [app-security] [restartedMain] o.a.c.c.C.[Tomcat].[localhost].[/]       : Initializing Spring embedded WebApplicationContext
2024-03-19T15:17:04.137+05:30  INFO 18200 --- [app-security] [restartedMain] w.s.c.ServletWebServerApplicationContext : Root WebApplicationContext: initialization completed in 187 ms
2024-03-19T15:17:04.428+05:30  INFO 18200 --- [app-security] [restartedMain] o.s.s.web.DefaultSecurityFilterChain     : Will secure any request with [org.springframework.security.web.session.DisableEncodeUrlFilter@1c61b6e2, org.springframework.security.web.context.request.async.WebAsyncManagerIntegrationFilter@2e537042, org.springframework.security.web.context.SecurityContextHolderFilter@650f6285, org.springframework.security.web.header.HeaderWriterFilter@701395b8, org.springframework.web.filter.CorsFilter@19d7f082, org.springframework.security.web.csrf.CsrfFilter@49d812d8, org.springframework.security.web.authentication.logout.LogoutFilter@5a7799eb, org.springframework.security.web.authentication.UsernamePasswordAuthenticationFilter@7abfc09f, org.springframework.security.web.authentication.ui.DefaultLoginPageGeneratingFilter@6f801048, org.springframework.security.web.authentication.ui.DefaultLogoutPageGeneratingFilter@1de8701f, org.springframework.security.web.savedrequest.RequestCacheAwareFilter@6cc8f22e, org.springframework.security.web.servletapi.SecurityContextHolderAwareRequestFilter@352fbcf, org.springframework.security.web.authentication.AnonymousAuthenticationFilter@c2f13e6, org.springframework.security.web.access.ExceptionTranslationFilter@23da919, org.springframework.security.web.access.intercept.AuthorizationFilter@2102d63c]
2024-03-19T15:17:04.479+05:30  INFO 18200 --- [app-security] [restartedMain] o.s.b.d.a.OptionalLiveReloadServer       : LiveReload server is running on port 35729
2024-03-19T15:17:04.487+05:30  INFO 18200 --- [app-security] [restartedMain] o.s.b.w.embedded.tomcat.TomcatWebServer  : Tomcat started on port 1290 (http) with context path ''
2024-03-19T15:17:04.490+05:30  INFO 18200 --- [app-security] [restartedMain] c.e.security.AppSecurityApplication      : Started AppSecurityApplication in 0.559 seconds (process running for 3604.508)
2024-03-19T15:17:04.493+05:30  INFO 18200 --- [app-security] [restartedMain] .ConditionEvaluationDeltaLoggingListener : Condition evaluation delta:


==========================
CONDITION EVALUATION DELTA
==========================


Positive matches:
-----------------

    None


Negative matches:
-----------------

   SpringBootWebSecurityConfiguration.WebSecurityEnablerConfiguration:
      Did not match:
         - @ConditionalOnMissingBean (names: springSecurityFilterChain; SearchStrategy: all) found beans named springSecurityFilterChain (OnBeanCondition)
      Matched:
         - @ConditionalOnClass found required class 'org.springframework.security.config.annotation.web.configuration.EnableWebSecurity' (OnClassCondition)


Exclusions:
-----------

    None


Unconditional classes:
----------------------

    None



2024-03-19T15:17:17.994+05:30  INFO 18200 --- [app-security] [File Watcher] rtingClassPathChangeChangedEventListener : Restarting due to 1 class path change (0 additions, 0 deletions, 1 modification)
2024-03-19T15:17:18.056+05:30  INFO 18200 --- [app-security] [restartedMain] c.e.security.AppSecurityApplication      : Starting AppSecurityApplication using Java 17.0.9 with PID 18200 (C:\Users\DC\Documents\workspace-spring-tool-suite-4-4.21.0\app-security\target\classes started by DC in C:\Users\DC\Documents\workspace-spring-tool-suite-4-4.21.0\app-security)
2024-03-19T15:17:18.056+05:30  INFO 18200 --- [app-security] [restartedMain] c.e.security.AppSecurityApplication      : No active profile set, falling back to 1 default profile: "default"
2024-03-19T15:17:18.242+05:30  INFO 18200 --- [app-security] [restartedMain] o.s.b.w.embedded.tomcat.TomcatWebServer  : Tomcat initialized with port 1290 (http)
2024-03-19T15:17:18.243+05:30  INFO 18200 --- [app-security] [restartedMain] o.apache.catalina.core.StandardService   : Starting service [Tomcat]
2024-03-19T15:17:18.243+05:30  INFO 18200 --- [app-security] [restartedMain] o.apache.catalina.core.StandardEngine    : Starting Servlet engine: [Apache Tomcat/10.1.19]
2024-03-19T15:17:18.252+05:30  INFO 18200 --- [app-security] [restartedMain] o.a.c.c.C.[Tomcat].[localhost].[/]       : Initializing Spring embedded WebApplicationContext
2024-03-19T15:17:18.253+05:30  INFO 18200 --- [app-security] [restartedMain] w.s.c.ServletWebServerApplicationContext : Root WebApplicationContext: initialization completed in 196 ms
2024-03-19T15:17:18.531+05:30  INFO 18200 --- [app-security] [restartedMain] o.s.s.web.DefaultSecurityFilterChain     : Will secure any request with [org.springframework.security.web.session.DisableEncodeUrlFilter@35d3a84, org.springframework.security.web.context.request.async.WebAsyncManagerIntegrationFilter@4bd3e2b5, org.springframework.security.web.context.SecurityContextHolderFilter@60cca6ee, org.springframework.security.web.header.HeaderWriterFilter@231663c5, org.springframework.web.filter.CorsFilter@6fd0b50e, org.springframework.security.web.csrf.CsrfFilter@47f3a667, org.springframework.security.web.authentication.logout.LogoutFilter@727331b, org.springframework.security.web.authentication.UsernamePasswordAuthenticationFilter@3ddc79cf, org.springframework.security.web.authentication.ui.DefaultLoginPageGeneratingFilter@fa26c16, org.springframework.security.web.authentication.ui.DefaultLogoutPageGeneratingFilter@319cbb3a, org.springframework.security.web.savedrequest.RequestCacheAwareFilter@3a56f40e, org.springframework.security.web.servletapi.SecurityContextHolderAwareRequestFilter@1fba3c6f, org.springframework.security.web.authentication.AnonymousAuthenticationFilter@5b7f3e97, org.springframework.security.web.access.ExceptionTranslationFilter@423ceead, org.springframework.security.web.access.intercept.AuthorizationFilter@556e3938]
2024-03-19T15:17:18.581+05:30  INFO 18200 --- [app-security] [restartedMain] o.s.b.d.a.OptionalLiveReloadServer       : LiveReload server is running on port 35729
2024-03-19T15:17:18.588+05:30  INFO 18200 --- [app-security] [restartedMain] o.s.b.w.embedded.tomcat.TomcatWebServer  : Tomcat started on port 1290 (http) with context path ''
2024-03-19T15:17:18.592+05:30  INFO 18200 --- [app-security] [restartedMain] c.e.security.AppSecurityApplication      : Started AppSecurityApplication in 0.556 seconds (process running for 3618.61)
2024-03-19T15:17:18.593+05:30  INFO 18200 --- [app-security] [restartedMain] .ConditionEvaluationDeltaLoggingListener : Condition evaluation unchanged
2024-03-19T15:17:33.406+05:30  INFO 18200 --- [app-security] [http-nio-1290-exec-1] o.a.c.c.C.[Tomcat].[localhost].[/]       : Initializing Spring DispatcherServlet 'dispatcherServlet'
2024-03-19T15:17:33.406+05:30  INFO 18200 --- [app-security] [http-nio-1290-exec-1] o.s.web.servlet.DispatcherServlet        : Initializing Servlet 'dispatcherServlet'
2024-03-19T15:17:33.407+05:30  INFO 18200 --- [app-security] [http-nio-1290-exec-1] o.s.web.servlet.DispatcherServlet        : Completed initialization in 1 ms
2024-03-19T15:17:33.409+05:30  WARN 18200 --- [app-security] [http-nio-1290-exec-1] c.e.security.Controller.SeurityCont      : getting into try block at warn
2024-03-19T15:17:43.476+05:30  INFO 18200 --- [app-security] [http-nio-1290-exec-2] c.e.security.Controller.SeurityCont      : gettin into call method at info level
2024-03-19T15:17:43.476+05:30  WARN 18200 --- [app-security] [http-nio-1290-exec-2] c.e.security.Controller.SeurityCont      : getting into call method at warn level
2024-03-19T15:18:22.104+05:30  INFO 18200 --- [app-security] [http-nio-1290-exec-8] c.e.security.Controller.SeurityCont      : gettin into call method at info level
2024-03-19T15:18:22.105+05:30  WARN 18200 --- [app-security] [http-nio-1290-exec-8] c.e.security.Controller.SeurityCont      : getting into call method at warn level
2024-03-19T15:18:38.007+05:30  WARN 18200 --- [app-security] [http-nio-1290-exec-10] c.e.security.Controller.SeurityCont      : getting into try block at warn
2024-03-19T15:19:52.214+05:30  INFO 18200 --- [app-security] [File Watcher] rtingClassPathChangeChangedEventListener : Restarting due to 1 class path change (0 additions, 0 deletions, 1 modification)
2024-03-19T15:19:52.276+05:30  INFO 18200 --- [app-security] [restartedMain] c.e.security.AppSecurityApplication      : Starting AppSecurityApplication using Java 17.0.9 with PID 18200 (C:\Users\DC\Documents\workspace-spring-tool-suite-4-4.21.0\app-security\target\classes started by DC in C:\Users\DC\Documents\workspace-spring-tool-suite-4-4.21.0\app-security)
2024-03-19T15:19:52.276+05:30  INFO 18200 --- [app-security] [restartedMain] c.e.security.AppSecurityApplication      : No active profile set, falling back to 1 default profile: "default"
2024-03-19T15:19:52.434+05:30  INFO 18200 --- [app-security] [restartedMain] o.s.b.w.embedded.tomcat.TomcatWebServer  : Tomcat initialized with port 1290 (http)
2024-03-19T15:19:52.435+05:30  INFO 18200 --- [app-security] [restartedMain] o.apache.catalina.core.StandardService   : Starting service [Tomcat]
2024-03-19T15:19:52.435+05:30  INFO 18200 --- [app-security] [restartedMain] o.apache.catalina.core.StandardEngine    : Starting Servlet engine: [Apache Tomcat/10.1.19]
2024-03-19T15:19:52.443+05:30  INFO 18200 --- [app-security] [restartedMain] o.a.c.c.C.[Tomcat].[localhost].[/]       : Initializing Spring embedded WebApplicationContext
2024-03-19T15:19:52.444+05:30  INFO 18200 --- [app-security] [restartedMain] w.s.c.ServletWebServerApplicationContext : Root WebApplicationContext: initialization completed in 166 ms
2024-03-19T15:19:52.662+05:30  INFO 18200 --- [app-security] [restartedMain] o.s.s.web.DefaultSecurityFilterChain     : Will secure any request with [org.springframework.security.web.session.DisableEncodeUrlFilter@2e041d1e, org.springframework.security.web.context.request.async.WebAsyncManagerIntegrationFilter@46108630, org.springframework.security.web.context.SecurityContextHolderFilter@37d8e9cb, org.springframework.security.web.header.HeaderWriterFilter@7ce51ec5, org.springframework.web.filter.CorsFilter@70c68d6d, org.springframework.security.web.csrf.CsrfFilter@1239af36, org.springframework.security.web.authentication.logout.LogoutFilter@70813bf, org.springframework.security.web.authentication.UsernamePasswordAuthenticationFilter@69d66e70, org.springframework.security.web.authentication.ui.DefaultLoginPageGeneratingFilter@227c15a8, org.springframework.security.web.authentication.ui.DefaultLogoutPageGeneratingFilter@2ab9d8eb, org.springframework.security.web.savedrequest.RequestCacheAwareFilter@68c7b019, org.springframework.security.web.servletapi.SecurityContextHolderAwareRequestFilter@76bb3e8c, org.springframework.security.web.authentication.AnonymousAuthenticationFilter@245bdc4f, org.springframework.security.web.access.ExceptionTranslationFilter@5269816c, org.springframework.security.web.access.intercept.AuthorizationFilter@6a7b936c]
2024-03-19T15:19:52.680+05:30  INFO 18200 --- [app-security] [restartedMain] o.s.b.d.a.OptionalLiveReloadServer       : LiveReload server is running on port 35729
2024-03-19T15:19:52.687+05:30  INFO 18200 --- [app-security] [restartedMain] o.s.b.w.embedded.tomcat.TomcatWebServer  : Tomcat started on port 1290 (http) with context path ''
2024-03-19T15:19:52.691+05:30  INFO 18200 --- [app-security] [restartedMain] c.e.security.AppSecurityApplication      : Started AppSecurityApplication in 0.434 seconds (process running for 3772.709)
2024-03-19T15:19:52.692+05:30  INFO 18200 --- [app-security] [restartedMain] .ConditionEvaluationDeltaLoggingListener : Condition evaluation unchanged
2024-03-19T15:20:27.849+05:30  INFO 18200 --- [app-security] [http-nio-1290-exec-1] o.a.c.c.C.[Tomcat].[localhost].[/]       : Initializing Spring DispatcherServlet 'dispatcherServlet'
2024-03-19T15:20:27.849+05:30  INFO 18200 --- [app-security] [http-nio-1290-exec-1] o.s.web.servlet.DispatcherServlet        : Initializing Servlet 'dispatcherServlet'
2024-03-19T15:20:27.849+05:30  INFO 18200 --- [app-security] [http-nio-1290-exec-1] o.s.web.servlet.DispatcherServlet        : Completed initialization in 0 ms
2024-03-19T15:21:47.709+05:30  INFO 18200 --- [app-security] [File Watcher] rtingClassPathChangeChangedEventListener : Restarting due to 1 class path change (0 additions, 0 deletions, 1 modification)
2024-03-19T15:21:47.783+05:30  INFO 18200 --- [app-security] [restartedMain] c.e.security.AppSecurityApplication      : Starting AppSecurityApplication using Java 17.0.9 with PID 18200 (C:\Users\DC\Documents\workspace-spring-tool-suite-4-4.21.0\app-security\target\classes started by DC in C:\Users\DC\Documents\workspace-spring-tool-suite-4-4.21.0\app-security)
2024-03-19T15:21:47.783+05:30  INFO 18200 --- [app-security] [restartedMain] c.e.security.AppSecurityApplication      : No active profile set, falling back to 1 default profile: "default"
2024-03-19T15:21:47.935+05:30  INFO 18200 --- [app-security] [restartedMain] o.s.b.w.embedded.tomcat.TomcatWebServer  : Tomcat initialized with port 1290 (http)
2024-03-19T15:21:47.936+05:30  INFO 18200 --- [app-security] [restartedMain] o.apache.catalina.core.StandardService   : Starting service [Tomcat]
2024-03-19T15:21:47.936+05:30  INFO 18200 --- [app-security] [restartedMain] o.apache.catalina.core.StandardEngine    : Starting Servlet engine: [Apache Tomcat/10.1.19]
2024-03-19T15:21:47.946+05:30  INFO 18200 --- [app-security] [restartedMain] o.a.c.c.C.[Tomcat].[localhost].[/]       : Initializing Spring embedded WebApplicationContext
2024-03-19T15:21:47.947+05:30  INFO 18200 --- [app-security] [restartedMain] w.s.c.ServletWebServerApplicationContext : Root WebApplicationContext: initialization completed in 162 ms
2024-03-19T15:21:48.159+05:30  INFO 18200 --- [app-security] [restartedMain] o.s.s.web.DefaultSecurityFilterChain     : Will secure any request with [org.springframework.security.web.session.DisableEncodeUrlFilter@659c68f, org.springframework.security.web.context.request.async.WebAsyncManagerIntegrationFilter@54f6ada8, org.springframework.security.web.context.SecurityContextHolderFilter@72ecfb0b, org.springframework.security.web.header.HeaderWriterFilter@734b4e5a, org.springframework.web.filter.CorsFilter@5ea5f5a5, org.springframework.security.web.csrf.CsrfFilter@20f131f4, org.springframework.security.web.authentication.logout.LogoutFilter@581f8e8d, org.springframework.security.web.authentication.UsernamePasswordAuthenticationFilter@202c4e20, org.springframework.security.web.authentication.ui.DefaultLoginPageGeneratingFilter@765c43d1, org.springframework.security.web.authentication.ui.DefaultLogoutPageGeneratingFilter@1cbaed1f, org.springframework.security.web.savedrequest.RequestCacheAwareFilter@5b3b0a33, org.springframework.security.web.servletapi.SecurityContextHolderAwareRequestFilter@5f4cfffc, org.springframework.security.web.authentication.AnonymousAuthenticationFilter@549f3db9, org.springframework.security.web.access.ExceptionTranslationFilter@75de25a5, org.springframework.security.web.access.intercept.AuthorizationFilter@2405cb98]
2024-03-19T15:21:48.186+05:30  INFO 18200 --- [app-security] [restartedMain] o.s.b.d.a.OptionalLiveReloadServer       : LiveReload server is running on port 35729
2024-03-19T15:21:48.194+05:30  INFO 18200 --- [app-security] [restartedMain] o.s.b.w.embedded.tomcat.TomcatWebServer  : Tomcat started on port 1290 (http) with context path ''
2024-03-19T15:21:48.200+05:30  INFO 18200 --- [app-security] [restartedMain] c.e.security.AppSecurityApplication      : Started AppSecurityApplication in 0.435 seconds (process running for 3888.218)
2024-03-19T15:21:48.201+05:30  INFO 18200 --- [app-security] [restartedMain] .ConditionEvaluationDeltaLoggingListener : Condition evaluation unchanged
2024-03-19T15:22:08.676+05:30  INFO 18200 --- [app-security] [http-nio-1290-exec-1] o.a.c.c.C.[Tomcat].[localhost].[/]       : Initializing Spring DispatcherServlet 'dispatcherServlet'
2024-03-19T15:22:08.676+05:30  INFO 18200 --- [app-security] [http-nio-1290-exec-1] o.s.web.servlet.DispatcherServlet        : Initializing Servlet 'dispatcherServlet'
2024-03-19T15:22:08.677+05:30  INFO 18200 --- [app-security] [http-nio-1290-exec-1] o.s.web.servlet.DispatcherServlet        : Completed initialization in 1 ms
2024-03-19T15:22:32.212+05:30  INFO 18200 --- [app-security] [http-nio-1290-exec-6] c.e.security.Controller.SeurityCont      : gettin into call method at info level
2024-03-19T15:22:32.212+05:30  WARN 18200 --- [app-security] [http-nio-1290-exec-6] c.e.security.Controller.SeurityCont      : getting into call method at warn level
2024-03-19T15:23:44.328+05:30  INFO 18200 --- [app-security] [http-nio-1290-exec-4] c.e.security.Controller.SeurityCont      : gettin into call method at info level
2024-03-19T15:23:44.329+05:30  WARN 18200 --- [app-security] [http-nio-1290-exec-4] c.e.security.Controller.SeurityCont      : getting into call method at warn level
2024-03-19T15:24:57.319+05:30  WARN 18200 --- [app-security] [http-nio-1290-exec-7] c.e.security.Controller.SeurityCont      : getting into try block at warn
2024-03-19T15:25:08.492+05:30  INFO 18200 --- [app-security] [File Watcher] rtingClassPathChangeChangedEventListener : Restarting due to 1 class path change (0 additions, 0 deletions, 1 modification)
2024-03-19T15:25:08.557+05:30  INFO 18200 --- [app-security] [restartedMain] c.e.security.AppSecurityApplication      : Starting AppSecurityApplication using Java 17.0.9 with PID 18200 (C:\Users\DC\Documents\workspace-spring-tool-suite-4-4.21.0\app-security\target\classes started by DC in C:\Users\DC\Documents\workspace-spring-tool-suite-4-4.21.0\app-security)
2024-03-19T15:25:08.557+05:30  INFO 18200 --- [app-security] [restartedMain] c.e.security.AppSecurityApplication      : No active profile set, falling back to 1 default profile: "default"
2024-03-19T15:25:08.764+05:30  INFO 18200 --- [app-security] [restartedMain] o.s.b.w.embedded.tomcat.TomcatWebServer  : Tomcat initialized with port 1290 (http)
2024-03-19T15:25:08.765+05:30  INFO 18200 --- [app-security] [restartedMain] o.apache.catalina.core.StandardService   : Starting service [Tomcat]
2024-03-19T15:25:08.766+05:30  INFO 18200 --- [app-security] [restartedMain] o.apache.catalina.core.StandardEngine    : Starting Servlet engine: [Apache Tomcat/10.1.19]
2024-03-19T15:25:08.776+05:30  INFO 18200 --- [app-security] [restartedMain] o.a.c.c.C.[Tomcat].[localhost].[/]       : Initializing Spring embedded WebApplicationContext
2024-03-19T15:25:08.776+05:30  INFO 18200 --- [app-security] [restartedMain] w.s.c.ServletWebServerApplicationContext : Root WebApplicationContext: initialization completed in 217 ms
2024-03-19T15:25:08.990+05:30  INFO 18200 --- [app-security] [restartedMain] o.s.s.web.DefaultSecurityFilterChain     : Will secure any request with [org.springframework.security.web.session.DisableEncodeUrlFilter@19ae9988, org.springframework.security.web.context.request.async.WebAsyncManagerIntegrationFilter@303cc18f, org.springframework.security.web.context.SecurityContextHolderFilter@15bcaa66, org.springframework.security.web.header.HeaderWriterFilter@60476145, org.springframework.web.filter.CorsFilter@60bc67be, org.springframework.security.web.csrf.CsrfFilter@49ca97b5, org.springframework.security.web.authentication.logout.LogoutFilter@1b53e704, org.springframework.security.web.authentication.UsernamePasswordAuthenticationFilter@5c9f893d, org.springframework.security.web.authentication.ui.DefaultLoginPageGeneratingFilter@2257e3da, org.springframework.security.web.authentication.ui.DefaultLogoutPageGeneratingFilter@40caccf5, org.springframework.security.web.savedrequest.RequestCacheAwareFilter@856e05b, org.springframework.security.web.servletapi.SecurityContextHolderAwareRequestFilter@7941e8fe, org.springframework.security.web.authentication.AnonymousAuthenticationFilter@2d457fbd, org.springframework.security.web.access.ExceptionTranslationFilter@121c7f50, org.springframework.security.web.access.intercept.AuthorizationFilter@6656c0c6]
2024-03-19T15:25:09.011+05:30  INFO 18200 --- [app-security] [restartedMain] o.s.b.d.a.OptionalLiveReloadServer       : LiveReload server is running on port 35729
2024-03-19T15:25:09.019+05:30  INFO 18200 --- [app-security] [restartedMain] o.s.b.w.embedded.tomcat.TomcatWebServer  : Tomcat started on port 1290 (http) with context path ''
2024-03-19T15:25:09.023+05:30  INFO 18200 --- [app-security] [restartedMain] c.e.security.AppSecurityApplication      : Started AppSecurityApplication in 0.486 seconds (process running for 4089.041)
2024-03-19T15:25:09.024+05:30  INFO 18200 --- [app-security] [restartedMain] .ConditionEvaluationDeltaLoggingListener : Condition evaluation unchanged
2024-03-19T15:25:28.908+05:30  INFO 18200 --- [app-security] [File Watcher] rtingClassPathChangeChangedEventListener : Restarting due to 1 class path change (0 additions, 0 deletions, 1 modification)
2024-03-19T15:25:28.982+05:30  INFO 18200 --- [app-security] [restartedMain] c.e.security.AppSecurityApplication      : Starting AppSecurityApplication using Java 17.0.9 with PID 18200 (C:\Users\DC\Documents\workspace-spring-tool-suite-4-4.21.0\app-security\target\classes started by DC in C:\Users\DC\Documents\workspace-spring-tool-suite-4-4.21.0\app-security)
2024-03-19T15:25:28.982+05:30  INFO 18200 --- [app-security] [restartedMain] c.e.security.AppSecurityApplication      : No active profile set, falling back to 1 default profile: "default"
2024-03-19T15:25:29.127+05:30  INFO 18200 --- [app-security] [restartedMain] o.s.b.w.embedded.tomcat.TomcatWebServer  : Tomcat initialized with port 1290 (http)
2024-03-19T15:25:29.128+05:30  INFO 18200 --- [app-security] [restartedMain] o.apache.catalina.core.StandardService   : Starting service [Tomcat]
2024-03-19T15:25:29.128+05:30  INFO 18200 --- [app-security] [restartedMain] o.apache.catalina.core.StandardEngine    : Starting Servlet engine: [Apache Tomcat/10.1.19]
2024-03-19T15:25:29.137+05:30  INFO 18200 --- [app-security] [restartedMain] o.a.c.c.C.[Tomcat].[localhost].[/]       : Initializing Spring embedded WebApplicationContext
2024-03-19T15:25:29.137+05:30  INFO 18200 --- [app-security] [restartedMain] w.s.c.ServletWebServerApplicationContext : Root WebApplicationContext: initialization completed in 154 ms
2024-03-19T15:25:29.336+05:30  INFO 18200 --- [app-security] [restartedMain] o.s.s.web.DefaultSecurityFilterChain     : Will secure any request with [org.springframework.security.web.session.DisableEncodeUrlFilter@369b4b93, org.springframework.security.web.context.request.async.WebAsyncManagerIntegrationFilter@3a9cb65d, org.springframework.security.web.context.SecurityContextHolderFilter@6344b464, org.springframework.security.web.header.HeaderWriterFilter@77a3ee6a, org.springframework.web.filter.CorsFilter@1b26e5ed, org.springframework.security.web.csrf.CsrfFilter@6c8e6b8c, org.springframework.security.web.authentication.logout.LogoutFilter@3b210f16, org.springframework.security.web.authentication.UsernamePasswordAuthenticationFilter@571ad94, org.springframework.security.web.authentication.ui.DefaultLoginPageGeneratingFilter@4ab24880, org.springframework.security.web.authentication.ui.DefaultLogoutPageGeneratingFilter@13b3e610, org.springframework.security.web.savedrequest.RequestCacheAwareFilter@7c89718b, org.springframework.security.web.servletapi.SecurityContextHolderAwareRequestFilter@228a2205, org.springframework.security.web.authentication.AnonymousAuthenticationFilter@7f18f026, org.springframework.security.web.access.ExceptionTranslationFilter@51d1e18e, org.springframework.security.web.access.intercept.AuthorizationFilter@10662fac]
2024-03-19T15:25:29.353+05:30  INFO 18200 --- [app-security] [restartedMain] o.s.b.d.a.OptionalLiveReloadServer       : LiveReload server is running on port 35729
2024-03-19T15:25:29.359+05:30  INFO 18200 --- [app-security] [restartedMain] o.s.b.w.embedded.tomcat.TomcatWebServer  : Tomcat started on port 1290 (http) with context path ''
2024-03-19T15:25:29.362+05:30  INFO 18200 --- [app-security] [restartedMain] c.e.security.AppSecurityApplication      : Started AppSecurityApplication in 0.398 seconds (process running for 4109.38)
2024-03-19T15:25:29.365+05:30  INFO 18200 --- [app-security] [restartedMain] .ConditionEvaluationDeltaLoggingListener : Condition evaluation unchanged
2024-03-19T15:25:40.707+05:30  INFO 18200 --- [app-security] [http-nio-1290-exec-1] o.a.c.c.C.[Tomcat].[localhost].[/]       : Initializing Spring DispatcherServlet 'dispatcherServlet'
2024-03-19T15:25:40.709+05:30  INFO 18200 --- [app-security] [http-nio-1290-exec-1] o.s.web.servlet.DispatcherServlet        : Initializing Servlet 'dispatcherServlet'
2024-03-19T15:25:40.709+05:30  INFO 18200 --- [app-security] [http-nio-1290-exec-1] o.s.web.servlet.DispatcherServlet        : Completed initialization in 0 ms
2024-03-19T15:26:05.897+05:30  INFO 18200 --- [app-security] [http-nio-1290-exec-6] c.e.security.Controller.SeurityCont      : gettin into call method at info level
2024-03-19T15:26:05.897+05:30  WARN 18200 --- [app-security] [http-nio-1290-exec-6] c.e.security.Controller.SeurityCont      : getting into call method at warn level
2024-03-19T15:26:27.046+05:30  WARN 18200 --- [app-security] [http-nio-1290-exec-8] c.e.security.Controller.SeurityCont      : getting into try block at warn
2024-03-19T15:26:56.748+05:30  INFO 18200 --- [app-security] [File Watcher] rtingClassPathChangeChangedEventListener : Restarting due to 1 class path change (0 additions, 0 deletions, 1 modification)
2024-03-19T15:26:56.824+05:30  INFO 18200 --- [app-security] [restartedMain] c.e.security.AppSecurityApplication      : Starting AppSecurityApplication using Java 17.0.9 with PID 18200 (C:\Users\DC\Documents\workspace-spring-tool-suite-4-4.21.0\app-security\target\classes started by DC in C:\Users\DC\Documents\workspace-spring-tool-suite-4-4.21.0\app-security)
2024-03-19T15:26:56.824+05:30  INFO 18200 --- [app-security] [restartedMain] c.e.security.AppSecurityApplication      : No active profile set, falling back to 1 default profile: "default"
2024-03-19T15:26:56.991+05:30  INFO 18200 --- [app-security] [restartedMain] o.s.b.w.embedded.tomcat.TomcatWebServer  : Tomcat initialized with port 1290 (http)
2024-03-19T15:26:56.993+05:30  INFO 18200 --- [app-security] [restartedMain] o.apache.catalina.core.StandardService   : Starting service [Tomcat]
2024-03-19T15:26:56.994+05:30  INFO 18200 --- [app-security] [restartedMain] o.apache.catalina.core.StandardEngine    : Starting Servlet engine: [Apache Tomcat/10.1.19]
2024-03-19T15:26:57.003+05:30  INFO 18200 --- [app-security] [restartedMain] o.a.c.c.C.[Tomcat].[localhost].[/]       : Initializing Spring embedded WebApplicationContext
2024-03-19T15:26:57.003+05:30  INFO 18200 --- [app-security] [restartedMain] w.s.c.ServletWebServerApplicationContext : Root WebApplicationContext: initialization completed in 175 ms
2024-03-19T15:26:57.014+05:30  WARN 18200 --- [app-security] [restartedMain] ConfigServletWebServerApplicationContext : Exception encountered during context initialization - cancelling refresh attempt: org.springframework.beans.factory.BeanCreationException: Error creating bean with name 'securityConfig' defined in file [C:\Users\DC\Documents\workspace-spring-tool-suite-4-4.21.0\app-security\target\classes\com\example\security\config\SecurityConfig.class]: Failed to instantiate [com.example.security.config.SecurityConfig$$SpringCGLIB$$0]: Constructor threw exception
2024-03-19T15:26:57.014+05:30  INFO 18200 --- [app-security] [restartedMain] o.apache.catalina.core.StandardService   : Stopping service [Tomcat]
2024-03-19T15:26:57.019+05:30  INFO 18200 --- [app-security] [restartedMain] .s.b.a.l.ConditionEvaluationReportLogger : 

Error starting ApplicationContext. To display the condition evaluation report re-run your application with 'debug' enabled.
2024-03-19T15:26:57.039+05:30 ERROR 18200 --- [app-security] [restartedMain] o.s.boot.SpringApplication               : Application run failed

org.springframework.beans.factory.BeanCreationException: Error creating bean with name 'securityConfig' defined in file [C:\Users\DC\Documents\workspace-spring-tool-suite-4-4.21.0\app-security\target\classes\com\example\security\config\SecurityConfig.class]: Failed to instantiate [com.example.security.config.SecurityConfig$$SpringCGLIB$$0]: Constructor threw exception
	at org.springframework.beans.factory.support.AbstractAutowireCapableBeanFactory.instantiateBean(AbstractAutowireCapableBeanFactory.java:1317) ~[spring-beans-6.1.4.jar:6.1.4]
	at org.springframework.beans.factory.support.AbstractAutowireCapableBeanFactory.createBeanInstance(AbstractAutowireCapableBeanFactory.java:1202) ~[spring-beans-6.1.4.jar:6.1.4]
	at org.springframework.beans.factory.support.AbstractAutowireCapableBeanFactory.doCreateBean(AbstractAutowireCapableBeanFactory.java:562) ~[spring-beans-6.1.4.jar:6.1.4]
	at org.springframework.beans.factory.support.AbstractAutowireCapableBeanFactory.createBean(AbstractAutowireCapableBeanFactory.java:522) ~[spring-beans-6.1.4.jar:6.1.4]
	at org.springframework.beans.factory.support.AbstractBeanFactory.lambda$doGetBean$0(AbstractBeanFactory.java:325) ~[spring-beans-6.1.4.jar:6.1.4]
	at org.springframework.beans.factory.support.DefaultSingletonBeanRegistry.getSingleton(DefaultSingletonBeanRegistry.java:234) ~[spring-beans-6.1.4.jar:6.1.4]
	at org.springframework.beans.factory.support.AbstractBeanFactory.doGetBean(AbstractBeanFactory.java:323) ~[spring-beans-6.1.4.jar:6.1.4]
	at org.springframework.beans.factory.support.AbstractBeanFactory.getBean(AbstractBeanFactory.java:199) ~[spring-beans-6.1.4.jar:6.1.4]
	at org.springframework.beans.factory.support.DefaultListableBeanFactory.preInstantiateSingletons(DefaultListableBeanFactory.java:975) ~[spring-beans-6.1.4.jar:6.1.4]
	at org.springframework.context.support.AbstractApplicationContext.finishBeanFactoryInitialization(AbstractApplicationContext.java:959) ~[spring-context-6.1.4.jar:6.1.4]
	at org.springframework.context.support.AbstractApplicationContext.refresh(AbstractApplicationContext.java:624) ~[spring-context-6.1.4.jar:6.1.4]
	at org.springframework.boot.web.servlet.context.ServletWebServerApplicationContext.refresh(ServletWebServerApplicationContext.java:146) ~[spring-boot-3.2.3.jar:3.2.3]
	at org.springframework.boot.SpringApplication.refresh(SpringApplication.java:754) ~[spring-boot-3.2.3.jar:3.2.3]
	at org.springframework.boot.SpringApplication.refreshContext(SpringApplication.java:456) ~[spring-boot-3.2.3.jar:3.2.3]
	at org.springframework.boot.SpringApplication.run(SpringApplication.java:334) ~[spring-boot-3.2.3.jar:3.2.3]
	at org.springframework.boot.SpringApplication.run(SpringApplication.java:1354) ~[spring-boot-3.2.3.jar:3.2.3]
	at org.springframework.boot.SpringApplication.run(SpringApplication.java:1343) ~[spring-boot-3.2.3.jar:3.2.3]
	at com.example.security.AppSecurityApplication.main(AppSecurityApplication.java:10) ~[classes/:na]
	at java.base/jdk.internal.reflect.NativeMethodAccessorImpl.invoke0(Native Method) ~[na:na]
	at java.base/jdk.internal.reflect.NativeMethodAccessorImpl.invoke(NativeMethodAccessorImpl.java:77) ~[na:na]
	at java.base/jdk.internal.reflect.DelegatingMethodAccessorImpl.invoke(DelegatingMethodAccessorImpl.java:43) ~[na:na]
	at java.base/java.lang.reflect.Method.invoke(Method.java:568) ~[na:na]
	at org.springframework.boot.devtools.restart.RestartLauncher.run(RestartLauncher.java:50) ~[spring-boot-devtools-3.2.3.jar:3.2.3]
Caused by: org.springframework.beans.BeanInstantiationException: Failed to instantiate [com.example.security.config.SecurityConfig$$SpringCGLIB$$0]: Constructor threw exception
	at org.springframework.beans.BeanUtils.instantiateClass(BeanUtils.java:223) ~[spring-beans-6.1.4.jar:6.1.4]
	at org.springframework.beans.factory.support.SimpleInstantiationStrategy.instantiate(SimpleInstantiationStrategy.java:88) ~[spring-beans-6.1.4.jar:6.1.4]
	at org.springframework.beans.factory.support.AbstractAutowireCapableBeanFactory.instantiateBean(AbstractAutowireCapableBeanFactory.java:1311) ~[spring-beans-6.1.4.jar:6.1.4]
	... 22 common frames omitted
Caused by: java.lang.Error: Unresolved compilation problem: 
	The method hasRole(String) in the type AuthorizeHttpRequestsConfigurer<HttpSecurity>.AuthorizedUrl is not applicable for the arguments (String, String)

	at com.example.security.config.SecurityConfig.<init>(SecurityConfig.java:31) ~[classes/:na]
	at com.example.security.config.SecurityConfig$$SpringCGLIB$$0.<init>(<generated>) ~[classes/:na]
	at java.base/jdk.internal.reflect.NativeConstructorAccessorImpl.newInstance0(Native Method) ~[na:na]
	at java.base/jdk.internal.reflect.NativeConstructorAccessorImpl.newInstance(NativeConstructorAccessorImpl.java:77) ~[na:na]
	at java.base/jdk.internal.reflect.DelegatingConstructorAccessorImpl.newInstance(DelegatingConstructorAccessorImpl.java:45) ~[na:na]
	at java.base/java.lang.reflect.Constructor.newInstanceWithCaller(Constructor.java:499) ~[na:na]
	at java.base/java.lang.reflect.Constructor.newInstance(Constructor.java:480) ~[na:na]
	at org.springframework.beans.BeanUtils.instantiateClass(BeanUtils.java:197) ~[spring-beans-6.1.4.jar:6.1.4]
	... 24 common frames omitted

2024-03-19T15:27:40.456+05:30  INFO 18200 --- [app-security] [restartedMain] c.e.security.AppSecurityApplication      : Starting AppSecurityApplication using Java 17.0.9 with PID 18200 (C:\Users\DC\Documents\workspace-spring-tool-suite-4-4.21.0\app-security\target\classes started by DC in C:\Users\DC\Documents\workspace-spring-tool-suite-4-4.21.0\app-security)
2024-03-19T15:27:40.458+05:30  INFO 18200 --- [app-security] [restartedMain] c.e.security.AppSecurityApplication      : No active profile set, falling back to 1 default profile: "default"
2024-03-19T15:27:40.607+05:30  INFO 18200 --- [app-security] [restartedMain] o.s.b.w.embedded.tomcat.TomcatWebServer  : Tomcat initialized with port 1290 (http)
2024-03-19T15:27:40.609+05:30  INFO 18200 --- [app-security] [restartedMain] o.apache.catalina.core.StandardService   : Starting service [Tomcat]
2024-03-19T15:27:40.610+05:30  INFO 18200 --- [app-security] [restartedMain] o.apache.catalina.core.StandardEngine    : Starting Servlet engine: [Apache Tomcat/10.1.19]
2024-03-19T15:27:40.619+05:30  INFO 18200 --- [app-security] [restartedMain] o.a.c.c.C.[Tomcat-1].[localhost].[/]     : Initializing Spring embedded WebApplicationContext
2024-03-19T15:27:40.620+05:30  INFO 18200 --- [app-security] [restartedMain] w.s.c.ServletWebServerApplicationContext : Root WebApplicationContext: initialization completed in 159 ms
2024-03-19T15:27:40.834+05:30  INFO 18200 --- [app-security] [restartedMain] o.s.s.web.DefaultSecurityFilterChain     : Will secure any request with [org.springframework.security.web.session.DisableEncodeUrlFilter@76d7fd39, org.springframework.security.web.context.request.async.WebAsyncManagerIntegrationFilter@149a78df, org.springframework.security.web.context.SecurityContextHolderFilter@3e6a9160, org.springframework.security.web.header.HeaderWriterFilter@10fc20fb, org.springframework.web.filter.CorsFilter@18c7f4ee, org.springframework.security.web.csrf.CsrfFilter@bb73735, org.springframework.security.web.authentication.logout.LogoutFilter@2fc9f905, org.springframework.security.web.authentication.UsernamePasswordAuthenticationFilter@4aaf1ecc, org.springframework.security.web.authentication.ui.DefaultLoginPageGeneratingFilter@400b115d, org.springframework.security.web.authentication.ui.DefaultLogoutPageGeneratingFilter@2a2cc044, org.springframework.security.web.savedrequest.RequestCacheAwareFilter@cd61707, org.springframework.security.web.servletapi.SecurityContextHolderAwareRequestFilter@3181046e, org.springframework.security.web.authentication.AnonymousAuthenticationFilter@635bce0d, org.springframework.security.web.access.ExceptionTranslationFilter@68eaa00b, org.springframework.security.web.access.intercept.AuthorizationFilter@796eb7fd]
2024-03-19T15:27:40.857+05:30  INFO 18200 --- [app-security] [restartedMain] o.s.b.d.a.OptionalLiveReloadServer       : LiveReload server is running on port 35729
2024-03-19T15:27:40.866+05:30  INFO 18200 --- [app-security] [restartedMain] o.s.b.w.embedded.tomcat.TomcatWebServer  : Tomcat started on port 1290 (http) with context path ''
2024-03-19T15:27:40.869+05:30  INFO 18200 --- [app-security] [restartedMain] c.e.security.AppSecurityApplication      : Started AppSecurityApplication in 0.436 seconds (process running for 4240.886)
2024-03-19T15:27:40.870+05:30  INFO 18200 --- [app-security] [restartedMain] .ConditionEvaluationDeltaLoggingListener : Condition evaluation unchanged
2024-03-19T15:27:53.369+05:30  INFO 18200 --- [app-security] [http-nio-1290-exec-1] o.a.c.c.C.[Tomcat-1].[localhost].[/]     : Initializing Spring DispatcherServlet 'dispatcherServlet'
2024-03-19T15:27:53.369+05:30  INFO 18200 --- [app-security] [http-nio-1290-exec-1] o.s.web.servlet.DispatcherServlet        : Initializing Servlet 'dispatcherServlet'
2024-03-19T15:27:53.370+05:30  INFO 18200 --- [app-security] [http-nio-1290-exec-1] o.s.web.servlet.DispatcherServlet        : Completed initialization in 1 ms
2024-03-19T15:28:24.939+05:30  INFO 18200 --- [app-security] [http-nio-1290-exec-6] c.e.security.Controller.SeurityCont      : gettin into call method at info level
2024-03-19T15:28:24.939+05:30  WARN 18200 --- [app-security] [http-nio-1290-exec-6] c.e.security.Controller.SeurityCont      : getting into call method at warn level
2024-03-19T15:28:31.203+05:30  WARN 18200 --- [app-security] [http-nio-1290-exec-7] c.e.security.Controller.SeurityCont      : getting into try block at warn
2024-03-19T15:29:21.777+05:30  INFO 18200 --- [app-security] [http-nio-1290-exec-4] c.e.security.Controller.SeurityCont      : gettin into call method at info level
2024-03-19T15:29:21.777+05:30  WARN 18200 --- [app-security] [http-nio-1290-exec-4] c.e.security.Controller.SeurityCont      : getting into call method at warn level
2024-03-19T15:30:23.423+05:30  INFO 18200 --- [app-security] [http-nio-1290-exec-10] c.e.security.Controller.SeurityCont      : gettin into call method at info level
2024-03-19T15:30:23.424+05:30  WARN 18200 --- [app-security] [http-nio-1290-exec-10] c.e.security.Controller.SeurityCont      : getting into call method at warn level
2024-03-19T17:36:46.252+05:30  INFO 18200 --- [app-security] [RMI TCP Connection(187)-127.0.0.1] inMXBeanRegistrar$SpringApplicationAdmin : Application shutdown requested.
